<?xml version="1.0" encoding="UTF-8"?>
<!-- Generated by org.testng.reporters.JUnitReportReporter -->
<testsuite hostname="MSI" failures="0" tests="1" name="SwagLabs.Products.CompleteTest" time="2.875" errors="0" timestamp="2023-12-06T17:02:09 IST" skipped="0">
  <testcase classname="SwagLabs.Products.CompleteTest" name="CompleteRun" time="2.875"/>
</testsuite> <!-- SwagLabs.Products.CompleteTest -->
