<?xml version="1.0" encoding="UTF-8"?>
<!-- Generated by org.testng.reporters.JUnitReportReporter -->
<testsuite hostname="MSI" failures="0" tests="1" name="SwagLabs.Cucumber.CucumberRunner" time="2.861" errors="0" timestamp="2023-12-07T00:03:08 IST" skipped="0">
  <testcase classname="SwagLabs.Cucumber.CucumberRunner" name="runScenario" time="2.861"/>
</testsuite> <!-- SwagLabs.Cucumber.CucumberRunner -->
